# JRE version: OpenJDK Runtime Environment Temurin-21.0.10+7 (21.0.10+7) (build 21.0.10+7-LTS)
# Java VM: OpenJDK 64-Bit Server VM Temurin-21.0.10+7 (21.0.10+7-LTS, mixed mode, sharing, tiered, compressed oops, compressed class ptrs, parallel gc, windows-amd64)
GC Precious Log:
 CardTable entry size: 512
 CPUs: 8 total, 8 available
 Memory: 16122M
 Large Page Support: Disabled
 NUMA Support: Disabled
 Compressed Oops: Enabled (32-bit)
 Alignments: Space 512K, Generation 512K, Heap 2M
 Heap Min Capacity: 100M
 Heap Initial Capacity: 100M
 Heap Max Capacity: 2G
 Pre-touch: Disabled
 Parallel Workers: 8
Heap:
 PSYoungGen      total 4608K, used 3357K [0x00000000d5580000, 0x00000000d5b00000, 0x0000000100000000)
  eden space 3584K, 77% used [0x00000000d5580000,0x00000000d58376a8,0x00000000d5900000)
  from space 1024K, 56% used [0x00000000d5900000,0x00000000d5990020,0x00000000d5a00000)
  to   space 1024K, 0% used [0x00000000d5a00000,0x00000000d5a00000,0x00000000d5b00000)
 ParOldGen       total 538112K, used 238306K [0x0000000080000000, 0x00000000a0d80000, 0x00000000d5580000)
  object space 538112K, 44% used [0x0000000080000000,0x000000008e8b8858,0x00000000a0d80000)
 Metaspace       used 92203K, committed 93888K, reserved 1179648K
  class space    used 9454K, committed 10176K, reserved 1048576K
GC Heap History (20 events):
Event: 2600.331 GC heap before
{Heap before GC invocations=1188 (full 4):
 PSYoungGen      total 4608K, used 4276K [0x00000000d5580000, 0x00000000d5b00000, 0x0000000100000000)
  eden space 3584K, 100% used [0x00000000d5580000,0x00000000d5900000,0x00000000d5900000)
  from space 1024K, 67% used [0x00000000d5900000,0x00000000d59ad200,0x00000000d5a00000)
  to   space 1024K, 0% used [0x00000000d5a00000,0x00000000d5a00000,0x00000000d5b00000)
 ParOldGen       total 538112K, used 233292K [0x0000000080000000, 0x00000000a0d80000, 0x00000000d5580000)
  object space 538112K, 43% used [0x0000000080000000,0x000000008e3d3200,0x00000000a0d80000)
 Metaspace       used 92119K, committed 93824K, reserved 1179648K
  class space    used 9454K, committed 10176K, reserved 1048576K
}
Event: 2600.333 GC heap after
{Heap after GC invocations=1188 (full 4):
 PSYoungGen      total 4608K, used 672K [0x00000000d5580000, 0x00000000d5b00000, 0x0000000100000000)
  eden space 3584K, 0% used [0x00000000d5580000,0x00000000d5580000,0x00000000d5900000)
  from space 1024K, 65% used [0x00000000d5a00000,0x00000000d5aa8000,0x00000000d5b00000)
  to   space 1024K, 0% used [0x00000000d5900000,0x00000000d5900000,0x00000000d5a00000)
 ParOldGen       total 538112K, used 233893K [0x0000000080000000, 0x00000000a0d80000, 0x00000000d5580000)
  object space 538112K, 43% used [0x0000000080000000,0x000000008e469410,0x00000000a0d80000)
 Metaspace       used 92119K, committed 93824K, reserved 1179648K
  class space    used 9454K, committed 10176K, reserved 1048576K
}
Event: 2600.370 GC heap before
{Heap before GC invocations=1189 (full 4):
 PSYoungGen      total 4608K, used 4256K [0x00000000d5580000, 0x00000000d5b00000, 0x0000000100000000)
  eden space 3584K, 100% used [0x00000000d5580000,0x00000000d5900000,0x00000000d5900000)
  from space 1024K, 65% used [0x00000000d5a00000,0x00000000d5aa8000,0x00000000d5b00000)
  to   space 1024K, 0% used [0x00000000d5900000,0x00000000d5900000,0x00000000d5a00000)
 ParOldGen       total 538112K, used 233893K [0x0000000080000000, 0x00000000a0d80000, 0x00000000d5580000)
  object space 538112K, 43% used [0x0000000080000000,0x000000008e469410,0x00000000a0d80000)
 Metaspace       used 92119K, committed 93824K, reserved 1179648K
  class space    used 9454K, committed 10176K, reserved 1048576K
}
Event: 2600.372 GC heap after
{Heap after GC invocations=1189 (full 4):
 PSYoungGen      total 4608K, used 528K [0x00000000d5580000, 0x00000000d5b00000, 0x0000000100000000)
  eden space 3584K, 0% used [0x00000000d5580000,0x00000000d5580000,0x00000000d5900000)
  from space 1024K, 51% used [0x00000000d5900000,0x00000000d5984010,0x00000000d5a00000)
  to   space 1024K, 0% used [0x00000000d5a00000,0x00000000d5a00000,0x00000000d5b00000)
 ParOldGen       total 538112K, used 234446K [0x0000000080000000, 0x00000000a0d80000, 0x00000000d5580000)
  object space 538112K, 43% used [0x0000000080000000,0x000000008e4f3848,0x00000000a0d80000)
 Metaspace       used 92119K, committed 93824K, reserved 1179648K
  class space    used 9454K, committed 10176K, reserved 1048576K
}
Event: 2600.402 GC heap before
{Heap before GC invocations=1190 (full 4):
 PSYoungGen      total 4608K, used 4112K [0x00000000d5580000, 0x00000000d5b00000, 0x0000000100000000)
  eden space 3584K, 100% used [0x00000000d5580000,0x00000000d5900000,0x00000000d5900000)
  from space 1024K, 51% used [0x00000000d5900000,0x00000000d5984010,0x00000000d5a00000)
  to   space 1024K, 0% used [0x00000000d5a00000,0x00000000d5a00000,0x00000000d5b00000)
 ParOldGen       total 538112K, used 234446K [0x0000000080000000, 0x00000000a0d80000, 0x00000000d5580000)
  object space 538112K, 43% used [0x0000000080000000,0x000000008e4f3848,0x00000000a0d80000)
 Metaspace       used 92126K, committed 93824K, reserved 1179648K
  class space    used 9454K, committed 10176K, reserved 1048576K
}
Event: 2600.404 GC heap after
{Heap after GC invocations=1190 (full 4):
 PSYoungGen      total 4608K, used 820K [0x00000000d5580000, 0x00000000d5b00000, 0x0000000100000000)
  eden space 3584K, 0% used [0x00000000d5580000,0x00000000d5580000,0x00000000d5900000)
  from space 1024K, 80% used [0x00000000d5a00000,0x00000000d5acd200,0x00000000d5b00000)
  to   space 1024K, 0% used [0x00000000d5900000,0x00000000d5900000,0x00000000d5a00000)
 ParOldGen       total 538112K, used 234870K [0x0000000080000000, 0x00000000a0d80000, 0x00000000d5580000)
  object space 538112K, 43% used [0x0000000080000000,0x000000008e55d868,0x00000000a0d80000)
 Metaspace       used 92126K, committed 93824K, reserved 1179648K
  class space    used 9454K, committed 10176K, reserved 1048576K
}
Event: 2600.416 GC heap before
{Heap before GC invocations=1191 (full 4):
 PSYoungGen      total 4608K, used 4404K [0x00000000d5580000, 0x00000000d5b00000, 0x0000000100000000)
  eden space 3584K, 100% used [0x00000000d5580000,0x00000000d5900000,0x00000000d5900000)
  from space 1024K, 80% used [0x00000000d5a00000,0x00000000d5acd200,0x00000000d5b00000)
  to   space 1024K, 0% used [0x00000000d5900000,0x00000000d5900000,0x00000000d5a00000)
 ParOldGen       total 538112K, used 234870K [0x0000000080000000, 0x00000000a0d80000, 0x00000000d5580000)
  object space 538112K, 43% used [0x0000000080000000,0x000000008e55d868,0x00000000a0d80000)
 Metaspace       used 92127K, committed 93824K, reserved 1179648K
  class space    used 9454K, committed 10176K, reserved 1048576K
}
Event: 2600.418 GC heap after
{Heap after GC invocations=1191 (full 4):
 PSYoungGen      total 4608K, used 480K [0x00000000d5580000, 0x00000000d5b00000, 0x0000000100000000)
  eden space 3584K, 0% used [0x00000000d5580000,0x00000000d5580000,0x00000000d5900000)
  from space 1024K, 46% used [0x00000000d5900000,0x00000000d5978000,0x00000000d5a00000)
  to   space 1024K, 0% used [0x00000000d5a00000,0x00000000d5a00000,0x00000000d5b00000)
 ParOldGen       total 538112K, used 235592K [0x0000000080000000, 0x00000000a0d80000, 0x00000000d5580000)
  object space 538112K, 43% used [0x0000000080000000,0x000000008e6121f8,0x00000000a0d80000)
 Metaspace       used 92127K, committed 93824K, reserved 1179648K
  class space    used 9454K, committed 10176K, reserved 1048576K
}
Event: 2600.433 GC heap before
{Heap before GC invocations=1192 (full 4):
 PSYoungGen      total 4608K, used 4064K [0x00000000d5580000, 0x00000000d5b00000, 0x0000000100000000)
  eden space 3584K, 100% used [0x00000000d5580000,0x00000000d5900000,0x00000000d5900000)
  from space 1024K, 46% used [0x00000000d5900000,0x00000000d5978000,0x00000000d5a00000)
  to   space 1024K, 0% used [0x00000000d5a00000,0x00000000d5a00000,0x00000000d5b00000)
 ParOldGen       total 538112K, used 235592K [0x0000000080000000, 0x00000000a0d80000, 0x00000000d5580000)
  object space 538112K, 43% used [0x0000000080000000,0x000000008e6121f8,0x00000000a0d80000)
 Metaspace       used 92133K, committed 93824K, reserved 1179648K
  class space    used 9454K, committed 10176K, reserved 1048576K
}
Event: 2600.435 GC heap after
{Heap after GC invocations=1192 (full 4):
 PSYoungGen      total 4608K, used 692K [0x00000000d5580000, 0x00000000d5b00000, 0x0000000100000000)
  eden space 3584K, 0% used [0x00000000d5580000,0x00000000d5580000,0x00000000d5900000)
  from space 1024K, 67% used [0x00000000d5a00000,0x00000000d5aad200,0x00000000d5b00000)
  to   space 1024K, 0% used [0x00000000d5900000,0x00000000d5900000,0x00000000d5a00000)
 ParOldGen       total 538112K, used 235928K [0x0000000080000000, 0x00000000a0d80000, 0x00000000d5580000)
  object space 538112K, 43% used [0x0000000080000000,0x000000008e666238,0x00000000a0d80000)
 Metaspace       used 92133K, committed 93824K, reserved 1179648K
  class space    used 9454K, committed 10176K, reserved 1048576K
}
Event: 2600.455 GC heap before
{Heap before GC invocations=1193 (full 4):
 PSYoungGen      total 4608K, used 4276K [0x00000000d5580000, 0x00000000d5b00000, 0x0000000100000000)
  eden space 3584K, 100% used [0x00000000d5580000,0x00000000d5900000,0x00000000d5900000)
  from space 1024K, 67% used [0x00000000d5a00000,0x00000000d5aad200,0x00000000d5b00000)
  to   space 1024K, 0% used [0x00000000d5900000,0x00000000d5900000,0x00000000d5a00000)
 ParOldGen       total 538112K, used 235928K [0x0000000080000000, 0x00000000a0d80000, 0x00000000d5580000)
  object space 538112K, 43% used [0x0000000080000000,0x000000008e666238,0x00000000a0d80000)
 Metaspace       used 92136K, committed 93824K, reserved 1179648K
  class space    used 9454K, committed 10176K, reserved 1048576K
}
Event: 2600.458 GC heap after
{Heap after GC invocations=1193 (full 4):
 PSYoungGen      total 4608K, used 448K [0x00000000d5580000, 0x00000000d5b00000, 0x0000000100000000)
  eden space 3584K, 0% used [0x00000000d5580000,0x00000000d5580000,0x00000000d5900000)
  from space 1024K, 43% used [0x00000000d5900000,0x00000000d5970000,0x00000000d5a00000)
  to   space 1024K, 0% used [0x00000000d5a00000,0x00000000d5a00000,0x00000000d5b00000)
 ParOldGen       total 538112K, used 236525K [0x0000000080000000, 0x00000000a0d80000, 0x00000000d5580000)
  object space 538112K, 43% used [0x0000000080000000,0x000000008e6fb448,0x00000000a0d80000)
 Metaspace       used 92136K, committed 93824K, reserved 1179648K
  class space    used 9454K, committed 10176K, reserved 1048576K
}
Event: 2600.492 GC heap before
{Heap before GC invocations=1194 (full 4):
 PSYoungGen      total 4608K, used 4032K [0x00000000d5580000, 0x00000000d5b00000, 0x0000000100000000)
  eden space 3584K, 100% used [0x00000000d5580000,0x00000000d5900000,0x00000000d5900000)
  from space 1024K, 43% used [0x00000000d5900000,0x00000000d5970000,0x00000000d5a00000)
  to   space 1024K, 0% used [0x00000000d5a00000,0x00000000d5a00000,0x00000000d5b00000)
 ParOldGen       total 538112K, used 236525K [0x0000000080000000, 0x00000000a0d80000, 0x00000000d5580000)
  object space 538112K, 43% used [0x0000000080000000,0x000000008e6fb448,0x00000000a0d80000)
 Metaspace       used 92142K, committed 93824K, reserved 1179648K
  class space    used 9454K, committed 10176K, reserved 1048576K
}
Event: 2600.495 GC heap after
{Heap after GC invocations=1194 (full 4):
 PSYoungGen      total 4608K, used 500K [0x00000000d5580000, 0x00000000d5b00000, 0x0000000100000000)
  eden space 3584K, 0% used [0x00000000d5580000,0x00000000d5580000,0x00000000d5900000)
  from space 1024K, 48% used [0x00000000d5a00000,0x00000000d5a7d200,0x00000000d5b00000)
  to   space 1024K, 0% used [0x00000000d5900000,0x00000000d5900000,0x00000000d5a00000)
 ParOldGen       total 538112K, used 236841K [0x0000000080000000, 0x00000000a0d80000, 0x00000000d5580000)
  object space 538112K, 44% used [0x0000000080000000,0x000000008e74a458,0x00000000a0d80000)
 Metaspace       used 92142K, committed 93824K, reserved 1179648K
  class space    used 9454K, committed 10176K, reserved 1048576K
}
Event: 2600.512 GC heap before
{Heap before GC invocations=1195 (full 4):
 PSYoungGen      total 4608K, used 4084K [0x00000000d5580000, 0x00000000d5b00000, 0x0000000100000000)
  eden space 3584K, 100% used [0x00000000d5580000,0x00000000d5900000,0x00000000d5900000)
  from space 1024K, 48% used [0x00000000d5a00000,0x00000000d5a7d200,0x00000000d5b00000)
  to   space 1024K, 0% used [0x00000000d5900000,0x00000000d5900000,0x00000000d5a00000)
 ParOldGen       total 538112K, used 236841K [0x0000000080000000, 0x00000000a0d80000, 0x00000000d5580000)
  object space 538112K, 44% used [0x0000000080000000,0x000000008e74a458,0x00000000a0d80000)
 Metaspace       used 92142K, committed 93824K, reserved 1179648K
  class space    used 9454K, committed 10176K, reserved 1048576K
}
Event: 2600.515 GC heap after
{Heap after GC invocations=1195 (full 4):
 PSYoungGen      total 4608K, used 592K [0x00000000d5580000, 0x00000000d5b00000, 0x0000000100000000)
  eden space 3584K, 0% used [0x00000000d5580000,0x00000000d5580000,0x00000000d5900000)
  from space 1024K, 57% used [0x00000000d5900000,0x00000000d5994010,0x00000000d5a00000)
  to   space 1024K, 0% used [0x00000000d5a00000,0x00000000d5a00000,0x00000000d5b00000)
 ParOldGen       total 538112K, used 237261K [0x0000000080000000, 0x00000000a0d80000, 0x00000000d5580000)
  object space 538112K, 44% used [0x0000000080000000,0x000000008e7b3688,0x00000000a0d80000)
 Metaspace       used 92142K, committed 93824K, reserved 1179648K
  class space    used 9454K, committed 10176K, reserved 1048576K
}
Event: 2600.573 GC heap before
{Heap before GC invocations=1196 (full 4):
 PSYoungGen      total 4608K, used 4176K [0x00000000d5580000, 0x00000000d5b00000, 0x0000000100000000)
  eden space 3584K, 100% used [0x00000000d5580000,0x00000000d5900000,0x00000000d5900000)
  from space 1024K, 57% used [0x00000000d5900000,0x00000000d5994010,0x00000000d5a00000)
  to   space 1024K, 0% used [0x00000000d5a00000,0x00000000d5a00000,0x00000000d5b00000)
 ParOldGen       total 538112K, used 237261K [0x0000000080000000, 0x00000000a0d80000, 0x00000000d5580000)
  object space 538112K, 44% used [0x0000000080000000,0x000000008e7b3688,0x00000000a0d80000)
 Metaspace       used 92169K, committed 93888K, reserved 1179648K
  class space    used 9454K, committed 10176K, reserved 1048576K
}
Event: 2600.576 GC heap after
{Heap after GC invocations=1196 (full 4):
 PSYoungGen      total 4608K, used 660K [0x00000000d5580000, 0x00000000d5b00000, 0x0000000100000000)
  eden space 3584K, 0% used [0x00000000d5580000,0x00000000d5580000,0x00000000d5900000)
  from space 1024K, 64% used [0x00000000d5a00000,0x00000000d5aa5200,0x00000000d5b00000)
  to   space 1024K, 0% used [0x00000000d5900000,0x00000000d5900000,0x00000000d5a00000)
 ParOldGen       total 538112K, used 237757K [0x0000000080000000, 0x00000000a0d80000, 0x00000000d5580000)
  object space 538112K, 44% used [0x0000000080000000,0x000000008e82f6a8,0x00000000a0d80000)
 Metaspace       used 92169K, committed 93888K, reserved 1179648K
  class space    used 9454K, committed 10176K, reserved 1048576K
}
Event: 2600.603 GC heap before
{Heap before GC invocations=1197 (full 4):
 PSYoungGen      total 4608K, used 4244K [0x00000000d5580000, 0x00000000d5b00000, 0x0000000100000000)
  eden space 3584K, 100% used [0x00000000d5580000,0x00000000d5900000,0x00000000d5900000)
  from space 1024K, 64% used [0x00000000d5a00000,0x00000000d5aa5200,0x00000000d5b00000)
  to   space 1024K, 0% used [0x00000000d5900000,0x00000000d5900000,0x00000000d5a00000)
 ParOldGen       total 538112K, used 237757K [0x0000000080000000, 0x00000000a0d80000, 0x00000000d5580000)
  object space 538112K, 44% used [0x0000000080000000,0x000000008e82f6a8,0x00000000a0d80000)
 Metaspace       used 92170K, committed 93888K, reserved 1179648K
  class space    used 9454K, committed 10176K, reserved 1048576K
}
Event: 2600.606 GC heap after
{Heap after GC invocations=1197 (full 4):
 PSYoungGen      total 4608K, used 576K [0x00000000d5580000, 0x00000000d5b00000, 0x0000000100000000)
  eden space 3584K, 0% used [0x00000000d5580000,0x00000000d5580000,0x00000000d5900000)
  from space 1024K, 56% used [0x00000000d5900000,0x00000000d5990020,0x00000000d5a00000)
  to   space 1024K, 0% used [0x00000000d5a00000,0x00000000d5a00000,0x00000000d5b00000)
 ParOldGen       total 538112K, used 238306K [0x0000000080000000, 0x00000000a0d80000, 0x00000000d5580000)
  object space 538112K, 44% used [0x0000000080000000,0x000000008e8b8858,0x00000000a0d80000)
 Metaspace       used 92170K, committed 93888K, reserved 1179648K
  class space    used 9454K, committed 10176K, reserved 1048576K
}

