# JRE version: OpenJDK Runtime Environment Temurin-21.0.10+7 (21.0.10+7) (build 21.0.10+7-LTS)
# Java VM: OpenJDK 64-Bit Server VM Temurin-21.0.10+7 (21.0.10+7-LTS, mixed mode, sharing, tiered, compressed oops, compressed class ptrs, parallel gc, windows-amd64)
GC Precious Log:
 CardTable entry size: 512
 CPUs: 8 total, 8 available
 Memory: 16122M
 Large Page Support: Disabled
 NUMA Support: Disabled
 Compressed Oops: Enabled (32-bit)
 Alignments: Space 512K, Generation 512K, Heap 2M
 Heap Min Capacity: 100M
 Heap Initial Capacity: 100M
 Heap Max Capacity: 2G
 Pre-touch: Disabled
 Parallel Workers: 8
Heap:
 PSYoungGen      total 14336K, used 10910K [0x00000000d5580000, 0x00000000d6700000, 0x0000000100000000)
  eden space 13312K, 75% used [0x00000000d5580000,0x00000000d5f452b0,0x00000000d6280000)
  from space 1024K, 88% used [0x00000000d6600000,0x00000000d66e2890,0x00000000d6700000)
  to   space 1024K, 0% used [0x00000000d6500000,0x00000000d6500000,0x00000000d6600000)
 ParOldGen       total 71680K, used 71334K [0x0000000080000000, 0x0000000084600000, 0x00000000d5580000)
  object space 71680K, 99% used [0x0000000080000000,0x00000000845a9ad8,0x0000000084600000)
 Metaspace       used 66575K, committed 68032K, reserved 1114112K
  class space    used 7146K, committed 7744K, reserved 1048576K
GC Heap History (20 events):
Event: 42.650 GC heap before
{Heap before GC invocations=62 (full 3):
 PSYoungGen      total 13824K, used 13823K [0x00000000d5580000, 0x00000000d6800000, 0x0000000100000000)
  eden space 13312K, 100% used [0x00000000d5580000,0x00000000d6280000,0x00000000d6280000)
  from space 512K, 99% used [0x00000000d6780000,0x00000000d67ffcc8,0x00000000d6800000)
  to   space 1024K, 0% used [0x00000000d6600000,0x00000000d6600000,0x00000000d6700000)
 ParOldGen       total 68608K, used 67759K [0x0000000080000000, 0x0000000084300000, 0x00000000d5580000)
  object space 68608K, 98% used [0x0000000080000000,0x000000008422be80,0x0000000084300000)
 Metaspace       used 66437K, committed 67840K, reserved 1114112K
  class space    used 7146K, committed 7744K, reserved 1048576K
}
Event: 42.652 GC heap after
{Heap after GC invocations=62 (full 3):
 PSYoungGen      total 14336K, used 1020K [0x00000000d5580000, 0x00000000d6800000, 0x0000000100000000)
  eden space 13312K, 0% used [0x00000000d5580000,0x00000000d5580000,0x00000000d6280000)
  from space 1024K, 99% used [0x00000000d6600000,0x00000000d66ff148,0x00000000d6700000)
  to   space 1024K, 0% used [0x00000000d6700000,0x00000000d6700000,0x00000000d6800000)
 ParOldGen       total 68608K, used 68007K [0x0000000080000000, 0x0000000084300000, 0x00000000d5580000)
  object space 68608K, 99% used [0x0000000080000000,0x0000000084269e80,0x0000000084300000)
 Metaspace       used 66437K, committed 67840K, reserved 1114112K
  class space    used 7146K, committed 7744K, reserved 1048576K
}
Event: 42.742 GC heap before
{Heap before GC invocations=63 (full 3):
 PSYoungGen      total 14336K, used 14332K [0x00000000d5580000, 0x00000000d6800000, 0x0000000100000000)
  eden space 13312K, 100% used [0x00000000d5580000,0x00000000d6280000,0x00000000d6280000)
  from space 1024K, 99% used [0x00000000d6600000,0x00000000d66ff148,0x00000000d6700000)
  to   space 1024K, 0% used [0x00000000d6700000,0x00000000d6700000,0x00000000d6800000)
 ParOldGen       total 68608K, used 68007K [0x0000000080000000, 0x0000000084300000, 0x00000000d5580000)
  object space 68608K, 99% used [0x0000000080000000,0x0000000084269e80,0x0000000084300000)
 Metaspace       used 66487K, committed 67904K, reserved 1114112K
  class space    used 7146K, committed 7744K, reserved 1048576K
}
Event: 42.744 GC heap after
{Heap after GC invocations=63 (full 3):
 PSYoungGen      total 14336K, used 630K [0x00000000d5580000, 0x00000000d6800000, 0x0000000100000000)
  eden space 13312K, 0% used [0x00000000d5580000,0x00000000d5580000,0x00000000d6280000)
  from space 1024K, 61% used [0x00000000d6700000,0x00000000d679da28,0x00000000d6800000)
  to   space 1024K, 0% used [0x00000000d6600000,0x00000000d6600000,0x00000000d6700000)
 ParOldGen       total 68608K, used 68359K [0x0000000080000000, 0x0000000084300000, 0x00000000d5580000)
  object space 68608K, 99% used [0x0000000080000000,0x00000000842c1e80,0x0000000084300000)
 Metaspace       used 66487K, committed 67904K, reserved 1114112K
  class space    used 7146K, committed 7744K, reserved 1048576K
}
Event: 42.855 GC heap before
{Heap before GC invocations=64 (full 3):
 PSYoungGen      total 14336K, used 13942K [0x00000000d5580000, 0x00000000d6800000, 0x0000000100000000)
  eden space 13312K, 99% used [0x00000000d5580000,0x00000000d627fff0,0x00000000d6280000)
  from space 1024K, 61% used [0x00000000d6700000,0x00000000d679da28,0x00000000d6800000)
  to   space 1024K, 0% used [0x00000000d6600000,0x00000000d6600000,0x00000000d6700000)
 ParOldGen       total 68608K, used 68359K [0x0000000080000000, 0x0000000084300000, 0x00000000d5580000)
  object space 68608K, 99% used [0x0000000080000000,0x00000000842c1e80,0x0000000084300000)
 Metaspace       used 66503K, committed 67904K, reserved 1114112K
  class space    used 7146K, committed 7744K, reserved 1048576K
}
Event: 42.856 GC heap after
{Heap after GC invocations=64 (full 3):
 PSYoungGen      total 14336K, used 606K [0x00000000d5580000, 0x00000000d6780000, 0x0000000100000000)
  eden space 13312K, 0% used [0x00000000d5580000,0x00000000d5580000,0x00000000d6280000)
  from space 1024K, 59% used [0x00000000d6600000,0x00000000d6697b10,0x00000000d6700000)
  to   space 512K, 0% used [0x00000000d6700000,0x00000000d6700000,0x00000000d6780000)
 ParOldGen       total 69120K, used 68647K [0x0000000080000000, 0x0000000084380000, 0x00000000d5580000)
  object space 69120K, 99% used [0x0000000080000000,0x0000000084309ea0,0x0000000084380000)
 Metaspace       used 66503K, committed 67904K, reserved 1114112K
  class space    used 7146K, committed 7744K, reserved 1048576K
}
Event: 42.926 GC heap before
{Heap before GC invocations=65 (full 3):
 PSYoungGen      total 14336K, used 13918K [0x00000000d5580000, 0x00000000d6780000, 0x0000000100000000)
  eden space 13312K, 100% used [0x00000000d5580000,0x00000000d6280000,0x00000000d6280000)
  from space 1024K, 59% used [0x00000000d6600000,0x00000000d6697b10,0x00000000d6700000)
  to   space 512K, 0% used [0x00000000d6700000,0x00000000d6700000,0x00000000d6780000)
 ParOldGen       total 69120K, used 68647K [0x0000000080000000, 0x0000000084380000, 0x00000000d5580000)
  object space 69120K, 99% used [0x0000000080000000,0x0000000084309ea0,0x0000000084380000)
 Metaspace       used 66512K, committed 67968K, reserved 1114112K
  class space    used 7146K, committed 7744K, reserved 1048576K
}
Event: 42.927 GC heap after
{Heap after GC invocations=65 (full 3):
 PSYoungGen      total 13824K, used 481K [0x00000000d5580000, 0x00000000d6780000, 0x0000000100000000)
  eden space 13312K, 0% used [0x00000000d5580000,0x00000000d5580000,0x00000000d6280000)
  from space 512K, 94% used [0x00000000d6700000,0x00000000d67786b0,0x00000000d6780000)
  to   space 1536K, 0% used [0x00000000d6480000,0x00000000d6480000,0x00000000d6600000)
 ParOldGen       total 69632K, used 69173K [0x0000000080000000, 0x0000000084400000, 0x00000000d5580000)
  object space 69632K, 99% used [0x0000000080000000,0x000000008438d780,0x0000000084400000)
 Metaspace       used 66512K, committed 67968K, reserved 1114112K
  class space    used 7146K, committed 7744K, reserved 1048576K
}
Event: 43.294 GC heap before
{Heap before GC invocations=66 (full 3):
 PSYoungGen      total 13824K, used 13793K [0x00000000d5580000, 0x00000000d6780000, 0x0000000100000000)
  eden space 13312K, 100% used [0x00000000d5580000,0x00000000d6280000,0x00000000d6280000)
  from space 512K, 94% used [0x00000000d6700000,0x00000000d67786b0,0x00000000d6780000)
  to   space 1536K, 0% used [0x00000000d6480000,0x00000000d6480000,0x00000000d6600000)
 ParOldGen       total 69632K, used 69173K [0x0000000080000000, 0x0000000084400000, 0x00000000d5580000)
  object space 69632K, 99% used [0x0000000080000000,0x000000008438d780,0x0000000084400000)
 Metaspace       used 66536K, committed 68032K, reserved 1114112K
  class space    used 7146K, committed 7744K, reserved 1048576K
}
Event: 43.295 GC heap after
{Heap after GC invocations=66 (full 3):
 PSYoungGen      total 14848K, used 589K [0x00000000d5580000, 0x00000000d6780000, 0x0000000100000000)
  eden space 13312K, 0% used [0x00000000d5580000,0x00000000d5580000,0x00000000d6280000)
  from space 1536K, 38% used [0x00000000d6480000,0x00000000d65136a8,0x00000000d6600000)
  to   space 1024K, 0% used [0x00000000d6680000,0x00000000d6680000,0x00000000d6780000)
 ParOldGen       total 69632K, used 69311K [0x0000000080000000, 0x0000000084400000, 0x00000000d5580000)
  object space 69632K, 99% used [0x0000000080000000,0x00000000843aff70,0x0000000084400000)
 Metaspace       used 66536K, committed 68032K, reserved 1114112K
  class space    used 7146K, committed 7744K, reserved 1048576K
}
Event: 43.389 GC heap before
{Heap before GC invocations=67 (full 3):
 PSYoungGen      total 14848K, used 13901K [0x00000000d5580000, 0x00000000d6780000, 0x0000000100000000)
  eden space 13312K, 100% used [0x00000000d5580000,0x00000000d6280000,0x00000000d6280000)
  from space 1536K, 38% used [0x00000000d6480000,0x00000000d65136a8,0x00000000d6600000)
  to   space 1024K, 0% used [0x00000000d6680000,0x00000000d6680000,0x00000000d6780000)
 ParOldGen       total 69632K, used 69311K [0x0000000080000000, 0x0000000084400000, 0x00000000d5580000)
  object space 69632K, 99% used [0x0000000080000000,0x00000000843aff70,0x0000000084400000)
 Metaspace       used 66542K, committed 68032K, reserved 1114112K
  class space    used 7146K, committed 7744K, reserved 1048576K
}
Event: 43.390 GC heap after
{Heap after GC invocations=67 (full 3):
 PSYoungGen      total 14336K, used 600K [0x00000000d5580000, 0x00000000d6780000, 0x0000000100000000)
  eden space 13312K, 0% used [0x00000000d5580000,0x00000000d5580000,0x00000000d6280000)
  from space 1024K, 58% used [0x00000000d6680000,0x00000000d67160c0,0x00000000d6780000)
  to   space 1024K, 0% used [0x00000000d6580000,0x00000000d6580000,0x00000000d6680000)
 ParOldGen       total 69632K, used 69591K [0x0000000080000000, 0x0000000084400000, 0x00000000d5580000)
  object space 69632K, 99% used [0x0000000080000000,0x00000000843f5cb0,0x0000000084400000)
 Metaspace       used 66542K, committed 68032K, reserved 1114112K
  class space    used 7146K, committed 7744K, reserved 1048576K
}
Event: 43.804 GC heap before
{Heap before GC invocations=68 (full 3):
 PSYoungGen      total 14336K, used 13912K [0x00000000d5580000, 0x00000000d6780000, 0x0000000100000000)
  eden space 13312K, 100% used [0x00000000d5580000,0x00000000d6280000,0x00000000d6280000)
  from space 1024K, 58% used [0x00000000d6680000,0x00000000d67160c0,0x00000000d6780000)
  to   space 1024K, 0% used [0x00000000d6580000,0x00000000d6580000,0x00000000d6680000)
 ParOldGen       total 69632K, used 69591K [0x0000000080000000, 0x0000000084400000, 0x00000000d5580000)
  object space 69632K, 99% used [0x0000000080000000,0x00000000843f5cb0,0x0000000084400000)
 Metaspace       used 66553K, committed 68032K, reserved 1114112K
  class space    used 7146K, committed 7744K, reserved 1048576K
}
Event: 43.806 GC heap after
{Heap after GC invocations=68 (full 3):
 PSYoungGen      total 14336K, used 902K [0x00000000d5580000, 0x00000000d6700000, 0x0000000100000000)
  eden space 13312K, 0% used [0x00000000d5580000,0x00000000d5580000,0x00000000d6280000)
  from space 1024K, 88% used [0x00000000d6580000,0x00000000d6661850,0x00000000d6680000)
  to   space 512K, 0% used [0x00000000d6680000,0x00000000d6680000,0x00000000d6700000)
 ParOldGen       total 70144K, used 69904K [0x0000000080000000, 0x0000000084480000, 0x00000000d5580000)
  object space 70144K, 99% used [0x0000000080000000,0x0000000084444070,0x0000000084480000)
 Metaspace       used 66553K, committed 68032K, reserved 1114112K
  class space    used 7146K, committed 7744K, reserved 1048576K
}
Event: 43.978 GC heap before
{Heap before GC invocations=69 (full 3):
 PSYoungGen      total 14336K, used 14214K [0x00000000d5580000, 0x00000000d6700000, 0x0000000100000000)
  eden space 13312K, 100% used [0x00000000d5580000,0x00000000d6280000,0x00000000d6280000)
  from space 1024K, 88% used [0x00000000d6580000,0x00000000d6661850,0x00000000d6680000)
  to   space 512K, 0% used [0x00000000d6680000,0x00000000d6680000,0x00000000d6700000)
 ParOldGen       total 70144K, used 69904K [0x0000000080000000, 0x0000000084480000, 0x00000000d5580000)
  object space 70144K, 99% used [0x0000000080000000,0x0000000084444070,0x0000000084480000)
 Metaspace       used 66561K, committed 68032K, reserved 1114112K
  class space    used 7146K, committed 7744K, reserved 1048576K
}
Event: 43.980 GC heap after
{Heap after GC invocations=69 (full 3):
 PSYoungGen      total 13824K, used 511K [0x00000000d5580000, 0x00000000d6700000, 0x0000000100000000)
  eden space 13312K, 0% used [0x00000000d5580000,0x00000000d5580000,0x00000000d6280000)
  from space 512K, 99% used [0x00000000d6680000,0x00000000d66ffcc8,0x00000000d6700000)
  to   space 1536K, 0% used [0x00000000d6400000,0x00000000d6400000,0x00000000d6580000)
 ParOldGen       total 70656K, used 70635K [0x0000000080000000, 0x0000000084500000, 0x00000000d5580000)
  object space 70656K, 99% used [0x0000000080000000,0x00000000844faeb8,0x0000000084500000)
 Metaspace       used 66561K, committed 68032K, reserved 1114112K
  class space    used 7146K, committed 7744K, reserved 1048576K
}
Event: 44.123 GC heap before
{Heap before GC invocations=70 (full 3):
 PSYoungGen      total 13824K, used 13823K [0x00000000d5580000, 0x00000000d6700000, 0x0000000100000000)
  eden space 13312K, 100% used [0x00000000d5580000,0x00000000d6280000,0x00000000d6280000)
  from space 512K, 99% used [0x00000000d6680000,0x00000000d66ffcc8,0x00000000d6700000)
  to   space 1536K, 0% used [0x00000000d6400000,0x00000000d6400000,0x00000000d6580000)
 ParOldGen       total 70656K, used 70635K [0x0000000080000000, 0x0000000084500000, 0x00000000d5580000)
  object space 70656K, 99% used [0x0000000080000000,0x00000000844faeb8,0x0000000084500000)
 Metaspace       used 66565K, committed 68032K, reserved 1114112K
  class space    used 7146K, committed 7744K, reserved 1048576K
}
Event: 44.124 GC heap after
{Heap after GC invocations=70 (full 3):
 PSYoungGen      total 14848K, used 675K [0x00000000d5580000, 0x00000000d6700000, 0x0000000100000000)
  eden space 13312K, 0% used [0x00000000d5580000,0x00000000d5580000,0x00000000d6280000)
  from space 1536K, 44% used [0x00000000d6400000,0x00000000d64a8fd0,0x00000000d6580000)
  to   space 1024K, 0% used [0x00000000d6600000,0x00000000d6600000,0x00000000d6700000)
 ParOldGen       total 71168K, used 71027K [0x0000000080000000, 0x0000000084580000, 0x00000000d5580000)
  object space 71168K, 99% used [0x0000000080000000,0x000000008455cd58,0x0000000084580000)
 Metaspace       used 66565K, committed 68032K, reserved 1114112K
  class space    used 7146K, committed 7744K, reserved 1048576K
}
Event: 44.191 GC heap before
{Heap before GC invocations=71 (full 3):
 PSYoungGen      total 14848K, used 13987K [0x00000000d5580000, 0x00000000d6700000, 0x0000000100000000)
  eden space 13312K, 100% used [0x00000000d5580000,0x00000000d6280000,0x00000000d6280000)
  from space 1536K, 44% used [0x00000000d6400000,0x00000000d64a8fd0,0x00000000d6580000)
  to   space 1024K, 0% used [0x00000000d6600000,0x00000000d6600000,0x00000000d6700000)
 ParOldGen       total 71168K, used 71027K [0x0000000080000000, 0x0000000084580000, 0x00000000d5580000)
  object space 71168K, 99% used [0x0000000080000000,0x000000008455cd58,0x0000000084580000)
 Metaspace       used 66572K, committed 68032K, reserved 1114112K
  class space    used 7146K, committed 7744K, reserved 1048576K
}
Event: 44.192 GC heap after
{Heap after GC invocations=71 (full 3):
 PSYoungGen      total 14336K, used 906K [0x00000000d5580000, 0x00000000d6700000, 0x0000000100000000)
  eden space 13312K, 0% used [0x00000000d5580000,0x00000000d5580000,0x00000000d6280000)
  from space 1024K, 88% used [0x00000000d6600000,0x00000000d66e2890,0x00000000d6700000)
  to   space 1024K, 0% used [0x00000000d6500000,0x00000000d6500000,0x00000000d6600000)
 ParOldGen       total 71680K, used 71334K [0x0000000080000000, 0x0000000084600000, 0x00000000d5580000)
  object space 71680K, 99% used [0x0000000080000000,0x00000000845a9ad8,0x0000000084600000)
 Metaspace       used 66572K, committed 68032K, reserved 1114112K
  class space    used 7146K, committed 7744K, reserved 1048576K
}

